# JRE version: OpenJDK Runtime Environment (8.0_152-b01) (build 1.8.0_152-release-1248-b01)
# Java VM: OpenJDK 64-Bit Server VM (25.152-b01 mixed mode linux-amd64 compressed oops)
Heap:
 PSYoungGen      total 292352K, used 0K [0x00000000e0000000, 0x00000000fb000000, 0x0000000100000000)
  eden space 219648K, 0% used [0x00000000e0000000,0x00000000e0000000,0x00000000ed680000)
  from space 72704K, 0% used [0x00000000f3600000,0x00000000f3600000,0x00000000f7d00000)
  to   space 97792K, 0% used [0x00000000ed680000,0x00000000ed680000,0x00000000f3600000)
 ParOldGen       total 146944K, used 128368K [0x00000000a0000000, 0x00000000a8f80000, 0x00000000e0000000)
  object space 146944K, 87% used [0x00000000a0000000,0x00000000a7d5c078,0x00000000a8f80000)
 Metaspace       used 92674K, capacity 96468K, committed 97752K, reserved 1134592K
  class space    used 11691K, capacity 12522K, committed 12800K, reserved 1048576K
GC Heap History (10 events):
Event: 2438.063 GC heap after
Heap after GC invocations=23 (full 3):
 PSYoungGen      total 218624K, used 30199K [0x00000000e0000000, 0x00000000f0980000, 0x0000000100000000)
  eden space 188416K, 0% used [0x00000000e0000000,0x00000000e0000000,0x00000000eb800000)
  from space 30208K, 99% used [0x00000000edf00000,0x00000000efc7dd60,0x00000000efc80000)
  to   space 39936K, 0% used [0x00000000eb800000,0x00000000eb800000,0x00000000edf00000)
 ParOldGen       total 146944K, used 54153K [0x00000000a0000000, 0x00000000a8f80000, 0x00000000e0000000)
  object space 146944K, 36% used [0x00000000a0000000,0x00000000a34e25c8,0x00000000a8f80000)
 Metaspace       used 82890K, capacity 86514K, committed 86744K, reserved 1124352K
  class space    used 10617K, capacity 11439K, committed 11520K, reserved 1048576K
}
Event: 2441.879 GC heap before
{Heap before GC invocations=24 (full 3):
 PSYoungGen      total 218624K, used 218615K [0x00000000e0000000, 0x00000000f0980000, 0x0000000100000000)
  eden space 188416K, 100% used [0x00000000e0000000,0x00000000eb800000,0x00000000eb800000)
  from space 30208K, 99% used [0x00000000edf00000,0x00000000efc7dd60,0x00000000efc80000)
  to   space 39936K, 0% used [0x00000000eb800000,0x00000000eb800000,0x00000000edf00000)
 ParOldGen       total 146944K, used 54153K [0x00000000a0000000, 0x00000000a8f80000, 0x00000000e0000000)
  object space 146944K, 36% used [0x00000000a0000000,0x00000000a34e25c8,0x00000000a8f80000)
 Metaspace       used 91967K, capacity 96200K, committed 96344K, reserved 1132544K
  class space    used 11705K, capacity 12640K, committed 12672K, reserved 1048576K
Event: 2441.931 GC heap after
Heap after GC invocations=24 (full 3):
 PSYoungGen      total 222720K, used 39907K [0x00000000e0000000, 0x00000000f0e80000, 0x0000000100000000)
  eden space 182784K, 0% used [0x00000000e0000000,0x00000000e0000000,0x00000000eb280000)
  from space 39936K, 99% used [0x00000000eb800000,0x00000000edef8e00,0x00000000edf00000)
  to   space 47104K, 0% used [0x00000000ee080000,0x00000000ee080000,0x00000000f0e80000)
 ParOldGen       total 146944K, used 58828K [0x00000000a0000000, 0x00000000a8f80000, 0x00000000e0000000)
  object space 146944K, 40% used [0x00000000a0000000,0x00000000a39732b0,0x00000000a8f80000)
 Metaspace       used 91967K, capacity 96200K, committed 96344K, reserved 1132544K
  class space    used 11705K, capacity 12640K, committed 12672K, reserved 1048576K
}
Event: 2442.836 GC heap before
{Heap before GC invocations=25 (full 3):
 PSYoungGen      total 222720K, used 222691K [0x00000000e0000000, 0x00000000f0e80000, 0x0000000100000000)
  eden space 182784K, 100% used [0x00000000e0000000,0x00000000eb280000,0x00000000eb280000)
  from space 39936K, 99% used [0x00000000eb800000,0x00000000edef8e00,0x00000000edf00000)
  to   space 47104K, 0% used [0x00000000ee080000,0x00000000ee080000,0x00000000f0e80000)
 ParOldGen       total 146944K, used 58828K [0x00000000a0000000, 0x00000000a8f80000, 0x00000000e0000000)
  object space 146944K, 40% used [0x00000000a0000000,0x00000000a39732b0,0x00000000a8f80000)
 Metaspace       used 92724K, capacity 97004K, committed 97240K, reserved 1134592K
  class space    used 11761K, capacity 12714K, committed 12800K, reserved 1048576K
Event: 2442.873 GC heap after
Heap after GC invocations=25 (full 3):
 PSYoungGen      total 228352K, used 31970K [0x00000000e0000000, 0x00000000f2a80000, 0x0000000100000000)
  eden space 181248K, 0% used [0x00000000e0000000,0x00000000e0000000,0x00000000eb100000)
  from space 47104K, 67% used [0x00000000ee080000,0x00000000effb8a78,0x00000000f0e80000)
  to   space 48640K, 0% used [0x00000000eb100000,0x00000000eb100000,0x00000000ee080000)
 ParOldGen       total 146944K, used 58836K [0x00000000a0000000, 0x00000000a8f80000, 0x00000000e0000000)
  object space 146944K, 40% used [0x00000000a0000000,0x00000000a39752b0,0x00000000a8f80000)
 Metaspace       used 92724K, capacity 97004K, committed 97240K, reserved 1134592K
  class space    used 11761K, capacity 12714K, committed 12800K, reserved 1048576K
}
Event: 2443.456 GC heap before
{Heap before GC invocations=26 (full 3):
 PSYoungGen      total 228352K, used 213218K [0x00000000e0000000, 0x00000000f2a80000, 0x0000000100000000)
  eden space 181248K, 100% used [0x00000000e0000000,0x00000000eb100000,0x00000000eb100000)
  from space 47104K, 67% used [0x00000000ee080000,0x00000000effb8a78,0x00000000f0e80000)
  to   space 48640K, 0% used [0x00000000eb100000,0x00000000eb100000,0x00000000ee080000)
 ParOldGen       total 146944K, used 58836K [0x00000000a0000000, 0x00000000a8f80000, 0x00000000e0000000)
  object space 146944K, 40% used [0x00000000a0000000,0x00000000a39752b0,0x00000000a8f80000)
 Metaspace       used 93220K, capacity 97650K, committed 97752K, reserved 1134592K
  class space    used 11823K, capacity 12763K, committed 12800K, reserved 1048576K
Event: 2445.240 GC heap after
Heap after GC invocations=26 (full 3):
 PSYoungGen      total 229888K, used 48631K [0x00000000e0000000, 0x00000000f7d00000, 0x0000000100000000)
  eden space 181248K, 0% used [0x00000000e0000000,0x00000000e0000000,0x00000000eb100000)
  from space 48640K, 99% used [0x00000000eb100000,0x00000000ee07dd90,0x00000000ee080000)
  to   space 72704K, 0% used [0x00000000f3600000,0x00000000f3600000,0x00000000f7d00000)
 ParOldGen       total 146944K, used 104993K [0x00000000a0000000, 0x00000000a8f80000, 0x00000000e0000000)
  object space 146944K, 71% used [0x00000000a0000000,0x00000000a6688670,0x00000000a8f80000)
 Metaspace       used 93220K, capacity 97650K, committed 97752K, reserved 1134592K
  class space    used 11823K, capacity 12763K, committed 12800K, reserved 1048576K
}
Event: 2446.373 GC heap before
{Heap before GC invocations=27 (full 3):
 PSYoungGen      total 229888K, used 229879K [0x00000000e0000000, 0x00000000f7d00000, 0x0000000100000000)
  eden space 181248K, 100% used [0x00000000e0000000,0x00000000eb100000,0x00000000eb100000)
  from space 48640K, 99% used [0x00000000eb100000,0x00000000ee07dd90,0x00000000ee080000)
  to   space 72704K, 0% used [0x00000000f3600000,0x00000000f3600000,0x00000000f7d00000)
 ParOldGen       total 146944K, used 104993K [0x00000000a0000000, 0x00000000a8f80000, 0x00000000e0000000)
  object space 146944K, 71% used [0x00000000a0000000,0x00000000a6688670,0x00000000a8f80000)
 Metaspace       used 93299K, capacity 97688K, committed 97752K, reserved 1134592K
  class space    used 11827K, capacity 12768K, committed 12800K, reserved 1048576K
Event: 2447.529 GC heap after
Heap after GC invocations=27 (full 3):
 PSYoungGen      total 292352K, used 72699K [0x00000000e0000000, 0x00000000fb000000, 0x0000000100000000)
  eden space 219648K, 0% used [0x00000000e0000000,0x00000000e0000000,0x00000000ed680000)
  from space 72704K, 99% used [0x00000000f3600000,0x00000000f7cfed28,0x00000000f7d00000)
  to   space 97792K, 0% used [0x00000000ed680000,0x00000000ed680000,0x00000000f3600000)
 ParOldGen       total 146944K, used 140766K [0x00000000a0000000, 0x00000000a8f80000, 0x00000000e0000000)
  object space 146944K, 95% used [0x00000000a0000000,0x00000000a8977978,0x00000000a8f80000)
 Metaspace       used 93299K, capacity 97688K, committed 97752K, reserved 1134592K
  class space    used 11827K, capacity 12768K, committed 12800K, reserved 1048576K
}
Event: 2447.545 GC heap before
{Heap before GC invocations=28 (full 4):
 PSYoungGen      total 292352K, used 72699K [0x00000000e0000000, 0x00000000fb000000, 0x0000000100000000)
  eden space 219648K, 0% used [0x00000000e0000000,0x00000000e0000000,0x00000000ed680000)
  from space 72704K, 99% used [0x00000000f3600000,0x00000000f7cfed28,0x00000000f7d00000)
  to   space 97792K, 0% used [0x00000000ed680000,0x00000000ed680000,0x00000000f3600000)
 ParOldGen       total 146944K, used 140766K [0x00000000a0000000, 0x00000000a8f80000, 0x00000000e0000000)
  object space 146944K, 95% used [0x00000000a0000000,0x00000000a8977978,0x00000000a8f80000)
 Metaspace       used 93299K, capacity 97688K, committed 97752K, reserved 1134592K
  class space    used 11827K, capacity 12768K, committed 12800K, reserved 1048576K

