# JRE version: OpenJDK Runtime Environment (8.0_152-b01) (build 1.8.0_152-release-1248-b01)
# Java VM: OpenJDK 64-Bit Server VM (25.152-b01 mixed mode linux-amd64 compressed oops)
Heap:
 PSYoungGen      total 381952K, used 9452K [0x00000000e0000000, 0x00000000f9b80000, 0x0000000100000000)
  eden space 359424K, 0% used [0x00000000e0000000,0x00000000e0000000,0x00000000f5f00000)
  from space 22528K, 41% used [0x00000000f5f00000,0x00000000f683b1a0,0x00000000f7500000)
  to   space 22528K, 0% used [0x00000000f7500000,0x00000000f7500000,0x00000000f8b00000)
 ParOldGen       total 137216K, used 53366K [0x00000000a0000000, 0x00000000a8600000, 0x00000000e0000000)
  object space 137216K, 38% used [0x00000000a0000000,0x00000000a341dba8,0x00000000a8600000)
 Metaspace       used 82252K, capacity 85458K, committed 85592K, reserved 1124352K
  class space    used 10892K, capacity 11552K, committed 11648K, reserved 1048576K
GC Heap History (10 events):
Event: 11.106 GC heap after
Heap after GC invocations=13 (full 2):
 PSYoungGen      total 231936K, used 3387K [0x00000000e0000000, 0x00000000f5000000, 0x0000000100000000)
  eden space 209920K, 0% used [0x00000000e0000000,0x00000000e0000000,0x00000000ecd00000)
  from space 22016K, 15% used [0x00000000ecd00000,0x00000000ed04edf0,0x00000000ee280000)
  to   space 22016K, 0% used [0x00000000f3a80000,0x00000000f3a80000,0x00000000f5000000)
 ParOldGen       total 90112K, used 48992K [0x00000000a0000000, 0x00000000a5800000, 0x00000000e0000000)
  object space 90112K, 54% used [0x00000000a0000000,0x00000000a2fd8280,0x00000000a5800000)
 Metaspace       used 57196K, capacity 58938K, committed 59028K, reserved 1099776K
  class space    used 7704K, capacity 8134K, committed 8192K, reserved 1048576K
}
Event: 11.106 GC heap before
{Heap before GC invocations=14 (full 3):
 PSYoungGen      total 231936K, used 3387K [0x00000000e0000000, 0x00000000f5000000, 0x0000000100000000)
  eden space 209920K, 0% used [0x00000000e0000000,0x00000000e0000000,0x00000000ecd00000)
  from space 22016K, 15% used [0x00000000ecd00000,0x00000000ed04edf0,0x00000000ee280000)
  to   space 22016K, 0% used [0x00000000f3a80000,0x00000000f3a80000,0x00000000f5000000)
 ParOldGen       total 90112K, used 48992K [0x00000000a0000000, 0x00000000a5800000, 0x00000000e0000000)
  object space 90112K, 54% used [0x00000000a0000000,0x00000000a2fd8280,0x00000000a5800000)
 Metaspace       used 57196K, capacity 58938K, committed 59028K, reserved 1099776K
  class space    used 7704K, capacity 8134K, committed 8192K, reserved 1048576K
Event: 11.307 GC heap after
Heap after GC invocations=14 (full 3):
 PSYoungGen      total 231936K, used 0K [0x00000000e0000000, 0x00000000f5000000, 0x0000000100000000)
  eden space 209920K, 0% used [0x00000000e0000000,0x00000000e0000000,0x00000000ecd00000)
  from space 22016K, 0% used [0x00000000ecd00000,0x00000000ecd00000,0x00000000ee280000)
  to   space 22016K, 0% used [0x00000000f3a80000,0x00000000f3a80000,0x00000000f5000000)
 ParOldGen       total 137216K, used 37293K [0x00000000a0000000, 0x00000000a8600000, 0x00000000e0000000)
  object space 137216K, 27% used [0x00000000a0000000,0x00000000a246b600,0x00000000a8600000)
 Metaspace       used 57196K, capacity 58938K, committed 59028K, reserved 1099776K
  class space    used 7704K, capacity 8134K, committed 8192K, reserved 1048576K
}
Event: 15.566 GC heap before
{Heap before GC invocations=15 (full 3):
 PSYoungGen      total 231936K, used 209920K [0x00000000e0000000, 0x00000000f5000000, 0x0000000100000000)
  eden space 209920K, 100% used [0x00000000e0000000,0x00000000ecd00000,0x00000000ecd00000)
  from space 22016K, 0% used [0x00000000ecd00000,0x00000000ecd00000,0x00000000ee280000)
  to   space 22016K, 0% used [0x00000000f3a80000,0x00000000f3a80000,0x00000000f5000000)
 ParOldGen       total 137216K, used 37293K [0x00000000a0000000, 0x00000000a8600000, 0x00000000e0000000)
  object space 137216K, 27% used [0x00000000a0000000,0x00000000a246b600,0x00000000a8600000)
 Metaspace       used 66909K, capacity 68832K, committed 69080K, reserved 1110016K
  class space    used 8989K, capacity 9461K, committed 9472K, reserved 1048576K
Event: 15.586 GC heap after
Heap after GC invocations=15 (full 3):
 PSYoungGen      total 296448K, used 16923K [0x00000000e0000000, 0x00000000f4b80000, 0x0000000100000000)
  eden space 279040K, 0% used [0x00000000e0000000,0x00000000e0000000,0x00000000f1080000)
  from space 17408K, 97% used [0x00000000f3a80000,0x00000000f4b06de8,0x00000000f4b80000)
  to   space 23552K, 0% used [0x00000000f1d80000,0x00000000f1d80000,0x00000000f3480000)
 ParOldGen       total 137216K, used 37301K [0x00000000a0000000, 0x00000000a8600000, 0x00000000e0000000)
  object space 137216K, 27% used [0x00000000a0000000,0x00000000a246d600,0x00000000a8600000)
 Metaspace       used 66909K, capacity 68832K, committed 69080K, reserved 1110016K
  class space    used 8989K, capacity 9461K, committed 9472K, reserved 1048576K
}
Event: 27.214 GC heap before
{Heap before GC invocations=16 (full 3):
 PSYoungGen      total 296448K, used 295929K [0x00000000e0000000, 0x00000000f4b80000, 0x0000000100000000)
  eden space 279040K, 99% used [0x00000000e0000000,0x00000000f10779a0,0x00000000f1080000)
  from space 17408K, 97% used [0x00000000f3a80000,0x00000000f4b06de8,0x00000000f4b80000)
  to   space 23552K, 0% used [0x00000000f1d80000,0x00000000f1d80000,0x00000000f3480000)
 ParOldGen       total 137216K, used 37301K [0x00000000a0000000, 0x00000000a8600000, 0x00000000e0000000)
  object space 137216K, 27% used [0x00000000a0000000,0x00000000a246d600,0x00000000a8600000)
 Metaspace       used 72073K, capacity 74298K, committed 74456K, reserved 1114112K
  class space    used 9652K, capacity 10162K, committed 10240K, reserved 1048576K
Event: 27.232 GC heap after
Heap after GC invocations=16 (full 3):
 PSYoungGen      total 315904K, used 11755K [0x00000000e0000000, 0x00000000f8b00000, 0x0000000100000000)
  eden space 292352K, 0% used [0x00000000e0000000,0x00000000e0000000,0x00000000f1d80000)
  from space 23552K, 49% used [0x00000000f1d80000,0x00000000f28fae08,0x00000000f3480000)
  to   space 22528K, 0% used [0x00000000f7500000,0x00000000f7500000,0x00000000f8b00000)
 ParOldGen       total 137216K, used 43993K [0x00000000a0000000, 0x00000000a8600000, 0x00000000e0000000)
  object space 137216K, 32% used [0x00000000a0000000,0x00000000a2af64b0,0x00000000a8600000)
 Metaspace       used 72073K, capacity 74298K, committed 74456K, reserved 1114112K
  class space    used 9652K, capacity 10162K, committed 10240K, reserved 1048576K
}
Event: 28.469 GC heap before
{Heap before GC invocations=17 (full 3):
 PSYoungGen      total 315904K, used 304107K [0x00000000e0000000, 0x00000000f8b00000, 0x0000000100000000)
  eden space 292352K, 100% used [0x00000000e0000000,0x00000000f1d80000,0x00000000f1d80000)
  from space 23552K, 49% used [0x00000000f1d80000,0x00000000f28fae08,0x00000000f3480000)
  to   space 22528K, 0% used [0x00000000f7500000,0x00000000f7500000,0x00000000f8b00000)
 ParOldGen       total 137216K, used 43993K [0x00000000a0000000, 0x00000000a8600000, 0x00000000e0000000)
  object space 137216K, 32% used [0x00000000a0000000,0x00000000a2af64b0,0x00000000a8600000)
 Metaspace       used 73444K, capacity 75776K, committed 75864K, reserved 1114112K
  class space    used 9799K, capacity 10333K, committed 10368K, reserved 1048576K
Event: 28.495 GC heap after
Heap after GC invocations=17 (full 3):
 PSYoungGen      total 381952K, used 5832K [0x00000000e0000000, 0x00000000f9b80000, 0x0000000100000000)
  eden space 359424K, 0% used [0x00000000e0000000,0x00000000e0000000,0x00000000f5f00000)
  from space 22528K, 25% used [0x00000000f7500000,0x00000000f7ab21d8,0x00000000f8b00000)
  to   space 22528K, 0% used [0x00000000f5f00000,0x00000000f5f00000,0x00000000f7500000)
 ParOldGen       total 137216K, used 49402K [0x00000000a0000000, 0x00000000a8600000, 0x00000000e0000000)
  object space 137216K, 36% used [0x00000000a0000000,0x00000000a303eac8,0x00000000a8600000)
 Metaspace       used 73444K, capacity 75776K, committed 75864K, reserved 1114112K
  class space    used 9799K, capacity 10333K, committed 10368K, reserved 1048576K
}
Event: 31.771 GC heap before
{Heap before GC invocations=18 (full 3):
 PSYoungGen      total 381952K, used 365256K [0x00000000e0000000, 0x00000000f9b80000, 0x0000000100000000)
  eden space 359424K, 100% used [0x00000000e0000000,0x00000000f5f00000,0x00000000f5f00000)
  from space 22528K, 25% used [0x00000000f7500000,0x00000000f7ab21d8,0x00000000f8b00000)
  to   space 22528K, 0% used [0x00000000f5f00000,0x00000000f5f00000,0x00000000f7500000)
 ParOldGen       total 137216K, used 49402K [0x00000000a0000000, 0x00000000a8600000, 0x00000000e0000000)
  object space 137216K, 36% used [0x00000000a0000000,0x00000000a303eac8,0x00000000a8600000)
 Metaspace       used 82252K, capacity 85458K, committed 85592K, reserved 1124352K
  class space    used 10892K, capacity 11552K, committed 11648K, reserved 1048576K

